<?xml version="1.0" encoding="UTF-8"?>
<!-- Generated by org.testng.reporters.JUnitReportReporter -->
<testsuite hostname="LPT-1142" failures="0" tests="1" name="com_Test.test001" time="75.319" errors="0" timestamp="2022-03-20T14:35:07 IST" skipped="0">
  <testcase classname="com_Test.test001" name="test2" time="75.319"/>
  <system-out/>
</testsuite> <!-- com_Test.test001 -->
